{"/Users/raphaelhaytene/Desktop/Spring2026/CSB310/clearline/pipeline-worker/src/intelligence/lib/categorize.ts": {"path":"/Users/raphaelhaytene/Desktop/Spring2026/CSB310/clearline/pipeline-worker/src/intelligence/lib/categorize.ts","statementMap":{"0":{"start":{"line":15,"column":2},"end":{"line":15,"column":null}},"1":{"start":{"line":18,"column":2},"end":{"line":18,"column":null}},"2":{"start":{"line":21,"column":2},"end":{"line":21,"column":null}},"3":{"start":{"line":24,"column":2},"end":{"line":24,"column":null}},"4":{"start":{"line":27,"column":2},"end":{"line":27,"column":null}},"5":{"start":{"line":29,"column":22},"end":{"line":29,"column":null}},"6":{"start":{"line":33,"column":2},"end":{"line":33,"column":null}},"7":{"start":{"line":33,"column":32},"end":{"line":33,"column":null}},"8":{"start":{"line":34,"column":2},"end":{"line":34,"column":null}},"9":{"start":{"line":34,"column":32},"end":{"line":34,"column":null}},"10":{"start":{"line":35,"column":2},"end":{"line":35,"column":null}},"11":{"start":{"line":35,"column":34},"end":{"line":35,"column":null}},"12":{"start":{"line":37,"column":12},"end":{"line":37,"column":null}},"13":{"start":{"line":38,"column":2},"end":{"line":38,"column":null}},"14":{"start":{"line":38,"column":28},"end":{"line":38,"column":null}},"15":{"start":{"line":39,"column":2},"end":{"line":39,"column":null}},"16":{"start":{"line":39,"column":30},"end":{"line":39,"column":null}},"17":{"start":{"line":40,"column":2},"end":{"line":40,"column":null}},"18":{"start":{"line":40,"column":33},"end":{"line":40,"column":null}},"19":{"start":{"line":41,"column":2},"end":{"line":41,"column":null}},"20":{"start":{"line":41,"column":31},"end":{"line":41,"column":null}},"21":{"start":{"line":42,"column":2},"end":{"line":42,"column":null}},"22":{"start":{"line":42,"column":28},"end":{"line":42,"column":null}},"23":{"start":{"line":43,"column":2},"end":{"line":43,"column":null}},"24":{"start":{"line":43,"column":29},"end":{"line":43,"column":null}},"25":{"start":{"line":44,"column":2},"end":{"line":44,"column":null}},"26":{"start":{"line":49,"column":53},"end":{"line":57,"column":null}},"27":{"start":{"line":60,"column":12},"end":{"line":60,"column":null}},"28":{"start":{"line":61,"column":2},"end":{"line":62,"column":null}},"29":{"start":{"line":62,"column":4},"end":{"line":62,"column":null}},"30":{"start":{"line":62,"column":23},"end":{"line":62,"column":null}},"31":{"start":{"line":64,"column":2},"end":{"line":64,"column":null}},"32":{"start":{"line":76,"column":23},"end":{"line":76,"column":50}},"33":{"start":{"line":77,"column":2},"end":{"line":82,"column":null}},"34":{"start":{"line":78,"column":14},"end":{"line":78,"column":49}},"35":{"start":{"line":79,"column":4},"end":{"line":79,"column":null}},"36":{"start":{"line":79,"column":12},"end":{"line":79,"column":null}},"37":{"start":{"line":80,"column":17},"end":{"line":80,"column":42}},"38":{"start":{"line":81,"column":4},"end":{"line":81,"column":null}},"39":{"start":{"line":82,"column":4},"end":{"line":82,"column":null}},"40":{"start":{"line":85,"column":38},"end":{"line":85,"column":40}},"41":{"start":{"line":86,"column":2},"end":{"line":90,"column":null}},"42":{"start":{"line":87,"column":19},"end":{"line":87,"column":34}},"43":{"start":{"line":88,"column":4},"end":{"line":90,"column":null}},"44":{"start":{"line":88,"column":17},"end":{"line":88,"column":20}},"45":{"start":{"line":89,"column":6},"end":{"line":90,"column":null}},"46":{"start":{"line":89,"column":19},"end":{"line":89,"column":26}},"47":{"start":{"line":90,"column":8},"end":{"line":90,"column":null}},"48":{"start":{"line":94,"column":2},"end":{"line":94,"column":null}}},"fnMap":{"0":{"name":"categorizeMarket","decl":{"start":{"line":31,"column":16},"end":{"line":31,"column":33}},"loc":{"start":{"line":31,"column":78},"end":{"line":44,"column":null}},"line":31},"1":{"name":"extractCryptoUnderlying","decl":{"start":{"line":59,"column":16},"end":{"line":59,"column":40}},"loc":{"start":{"line":59,"column":73},"end":{"line":64,"column":null}},"line":59},"2":{"name":"buildSameUnderlyingPairs","decl":{"start":{"line":73,"column":16},"end":{"line":73,"column":null}},"loc":{"start":{"line":75,"column":24},"end":{"line":94,"column":null}},"line":75}},"branchMap":{"0":{"loc":{"start":{"line":33,"column":2},"end":{"line":33,"column":null}},"type":"if","locations":[{"start":{"line":33,"column":2},"end":{"line":33,"column":null}},{"start":{},"end":{}}],"line":33},"1":{"loc":{"start":{"line":34,"column":2},"end":{"line":34,"column":null}},"type":"if","locations":[{"start":{"line":34,"column":2},"end":{"line":34,"column":null}},{"start":{},"end":{}}],"line":34},"2":{"loc":{"start":{"line":35,"column":2},"end":{"line":35,"column":null}},"type":"if","locations":[{"start":{"line":35,"column":2},"end":{"line":35,"column":null}},{"start":{},"end":{}}],"line":35},"3":{"loc":{"start":{"line":37,"column":12},"end":{"line":37,"column":null}},"type":"binary-expr","locations":[{"start":{"line":37,"column":12},"end":{"line":37,"column":24}},{"start":{"line":37,"column":24},"end":{"line":37,"column":null}}],"line":37},"4":{"loc":{"start":{"line":38,"column":2},"end":{"line":38,"column":null}},"type":"if","locations":[{"start":{"line":38,"column":2},"end":{"line":38,"column":null}},{"start":{},"end":{}}],"line":38},"5":{"loc":{"start":{"line":39,"column":2},"end":{"line":39,"column":null}},"type":"if","locations":[{"start":{"line":39,"column":2},"end":{"line":39,"column":null}},{"start":{},"end":{}}],"line":39},"6":{"loc":{"start":{"line":40,"column":2},"end":{"line":40,"column":null}},"type":"if","locations":[{"start":{"line":40,"column":2},"end":{"line":40,"column":null}},{"start":{},"end":{}}],"line":40},"7":{"loc":{"start":{"line":41,"column":2},"end":{"line":41,"column":null}},"type":"if","locations":[{"start":{"line":41,"column":2},"end":{"line":41,"column":null}},{"start":{},"end":{}}],"line":41},"8":{"loc":{"start":{"line":42,"column":2},"end":{"line":42,"column":null}},"type":"if","locations":[{"start":{"line":42,"column":2},"end":{"line":42,"column":null}},{"start":{},"end":{}}],"line":42},"9":{"loc":{"start":{"line":43,"column":2},"end":{"line":43,"column":null}},"type":"if","locations":[{"start":{"line":43,"column":2},"end":{"line":43,"column":null}},{"start":{},"end":{}}],"line":43},"10":{"loc":{"start":{"line":60,"column":12},"end":{"line":60,"column":null}},"type":"binary-expr","locations":[{"start":{"line":60,"column":12},"end":{"line":60,"column":24}},{"start":{"line":60,"column":24},"end":{"line":60,"column":null}}],"line":60},"11":{"loc":{"start":{"line":62,"column":4},"end":{"line":62,"column":null}},"type":"if","locations":[{"start":{"line":62,"column":4},"end":{"line":62,"column":null}},{"start":{},"end":{}}],"line":62},"12":{"loc":{"start":{"line":79,"column":4},"end":{"line":79,"column":null}},"type":"if","locations":[{"start":{"line":79,"column":4},"end":{"line":79,"column":null}},{"start":{},"end":{}}],"line":79},"13":{"loc":{"start":{"line":80,"column":17},"end":{"line":80,"column":42}},"type":"binary-expr","locations":[{"start":{"line":80,"column":17},"end":{"line":80,"column":36}},{"start":{"line":80,"column":40},"end":{"line":80,"column":42}}],"line":80}},"s":{"0":1,"1":1,"2":1,"3":1,"4":1,"5":1,"6":26,"7":2,"8":24,"9":1,"10":23,"11":1,"12":22,"13":26,"14":11,"15":11,"16":1,"17":10,"18":1,"19":9,"20":1,"21":8,"22":8,"23":4,"24":1,"25":3,"26":1,"27":27,"28":27,"29":77,"30":23,"31":4,"32":6,"33":6,"34":14,"35":14,"36":1,"37":13,"38":14,"39":14,"40":6,"41":6,"42":8,"43":8,"44":8,"45":13,"46":13,"47":6,"48":6},"f":{"0":26,"1":27,"2":6},"b":{"0":[2,24],"1":[1,23],"2":[1,22],"3":[22,0],"4":[11,15],"5":[1,10],"6":[1,9],"7":[1,8],"8":[4,4],"9":[1,3],"10":[27,0],"11":[23,54],"12":[1,13],"13":[13,8]},"meta":{"lastBranch":14,"lastFunction":3,"lastStatement":49,"seen":{"s:15:2:15:Infinity":0,"s:18:2:18:Infinity":1,"s:21:2:21:Infinity":2,"s:24:2:24:Infinity":3,"s:27:2:27:Infinity":4,"s:29:22:29:Infinity":5,"f:31:16:31:33":0,"b:33:2:33:Infinity:undefined:undefined:undefined:undefined":0,"s:33:2:33:Infinity":6,"s:33:32:33:Infinity":7,"b:34:2:34:Infinity:undefined:undefined:undefined:undefined":1,"s:34:2:34:Infinity":8,"s:34:32:34:Infinity":9,"b:35:2:35:Infinity:undefined:undefined:undefined:undefined":2,"s:35:2:35:Infinity":10,"s:35:34:35:Infinity":11,"s:37:12:37:Infinity":12,"b:37:12:37:24:37:24:37:Infinity":3,"b:38:2:38:Infinity:undefined:undefined:undefined:undefined":4,"s:38:2:38:Infinity":13,"s:38:28:38:Infinity":14,"b:39:2:39:Infinity:undefined:undefined:undefined:undefined":5,"s:39:2:39:Infinity":15,"s:39:30:39:Infinity":16,"b:40:2:40:Infinity:undefined:undefined:undefined:undefined":6,"s:40:2:40:Infinity":17,"s:40:33:40:Infinity":18,"b:41:2:41:Infinity:undefined:undefined:undefined:undefined":7,"s:41:2:41:Infinity":19,"s:41:31:41:Infinity":20,"b:42:2:42:Infinity:undefined:undefined:undefined:undefined":8,"s:42:2:42:Infinity":21,"s:42:28:42:Infinity":22,"b:43:2:43:Infinity:undefined:undefined:undefined:undefined":9,"s:43:2:43:Infinity":23,"s:43:29:43:Infinity":24,"s:44:2:44:Infinity":25,"s:49:53:57:Infinity":26,"f:59:16:59:40":1,"s:60:12:60:Infinity":27,"b:60:12:60:24:60:24:60:Infinity":10,"s:61:2:62:Infinity":28,"b:62:4:62:Infinity:undefined:undefined:undefined:undefined":11,"s:62:4:62:Infinity":29,"s:62:23:62:Infinity":30,"s:64:2:64:Infinity":31,"f:73:16:73:Infinity":2,"s:76:23:76:50":32,"s:77:2:82:Infinity":33,"s:78:14:78:49":34,"b:79:4:79:Infinity:undefined:undefined:undefined:undefined":12,"s:79:4:79:Infinity":35,"s:79:12:79:Infinity":36,"s:80:17:80:42":37,"b:80:17:80:36:80:40:80:42":13,"s:81:4:81:Infinity":38,"s:82:4:82:Infinity":39,"s:85:38:85:40":40,"s:86:2:90:Infinity":41,"s:87:19:87:34":42,"s:88:4:90:Infinity":43,"s:88:17:88:20":44,"s:89:6:90:Infinity":45,"s:89:19:89:26":46,"s:90:8:90:Infinity":47,"s:94:2:94:Infinity":48}}}
}
