<?xml version="1.0" encoding="UTF-8"?>
<coverage generated="1776200580971" clover="3.2.0">
  <project timestamp="1776200580971" name="All files">
    <metrics statements="39" coveredstatements="39" conditionals="31" coveredconditionals="31" methods="14" coveredmethods="14" elements="84" coveredelements="84" complexity="0" loc="39" ncloc="39" packages="1" files="1" classes="1"/>
    <file name="wallets.ts" path="/Users/raphaelhaytene/Desktop/Spring2026/CSB310/clearline/src/components/explore/lib/wallets.ts">
      <metrics statements="39" coveredstatements="39" conditionals="31" coveredconditionals="31" methods="14" coveredmethods="14"/>
      <line num="23" count="16" type="cond" truecount="2" falsecount="0"/>
      <line num="27" count="15" type="cond" truecount="2" falsecount="0"/>
      <line num="28" count="13" type="stmt"/>
      <line num="32" count="12" type="cond" truecount="4" falsecount="0"/>
      <line num="33" count="2" type="stmt"/>
      <line num="37" count="12" type="stmt"/>
      <line num="50" count="3" type="stmt"/>
      <line num="51" count="8" type="cond" truecount="2" falsecount="0"/>
      <line num="52" count="4" type="stmt"/>
      <line num="57" count="5" type="cond" truecount="2" falsecount="0"/>
      <line num="58" count="4" type="stmt"/>
      <line num="62" count="5" type="cond" truecount="2" falsecount="0"/>
      <line num="63" count="4" type="cond" truecount="2" falsecount="0"/>
      <line num="66" count="1" type="stmt"/>
      <line num="75" count="1" type="stmt"/>
      <line num="76" count="1" type="stmt"/>
      <line num="77" count="1" type="stmt"/>
      <line num="78" count="1" type="stmt"/>
      <line num="81" count="5" type="stmt"/>
      <line num="82" count="5" type="cond" truecount="4" falsecount="0"/>
      <line num="83" count="3" type="stmt"/>
      <line num="84" count="3" type="stmt"/>
      <line num="88" count="28" type="stmt"/>
      <line num="89" count="28" type="stmt"/>
      <line num="93" count="42" type="stmt"/>
      <line num="97" count="14" type="stmt"/>
      <line num="98" count="14" type="stmt"/>
      <line num="99" count="14" type="stmt"/>
      <line num="100" count="14" type="stmt"/>
      <line num="101" count="14" type="stmt"/>
      <line num="102" count="14" type="stmt"/>
      <line num="111" count="14" type="cond" truecount="3" falsecount="0"/>
      <line num="113" count="14" type="cond" truecount="2" falsecount="0"/>
      <line num="114" count="14" type="stmt"/>
      <line num="115" count="14" type="cond" truecount="2" falsecount="0"/>
      <line num="116" count="14" type="stmt"/>
      <line num="120" count="8" type="cond" truecount="2" falsecount="0"/>
      <line num="121" count="6" type="cond" truecount="2" falsecount="0"/>
      <line num="122" count="3" type="stmt"/>
    </file>
  </project>
</coverage>
