{"/Users/raphaelhaytene/Desktop/Spring2026/CSB310/clearline/src/components/explore/lib/wallets.ts": {"path":"/Users/raphaelhaytene/Desktop/Spring2026/CSB310/clearline/src/components/explore/lib/wallets.ts","statementMap":{"0":{"start":{"line":23,"column":2},"end":{"line":23,"column":null}},"1":{"start":{"line":27,"column":2},"end":{"line":27,"column":null}},"2":{"start":{"line":27,"column":27},"end":{"line":27,"column":null}},"3":{"start":{"line":28,"column":2},"end":{"line":28,"column":null}},"4":{"start":{"line":32,"column":2},"end":{"line":32,"column":null}},"5":{"start":{"line":32,"column":37},"end":{"line":32,"column":null}},"6":{"start":{"line":33,"column":2},"end":{"line":33,"column":null}},"7":{"start":{"line":37,"column":2},"end":{"line":46,"column":null}},"8":{"start":{"line":50,"column":2},"end":{"line":53,"column":null}},"9":{"start":{"line":51,"column":4},"end":{"line":51,"column":null}},"10":{"start":{"line":51,"column":31},"end":{"line":51,"column":null}},"11":{"start":{"line":52,"column":4},"end":{"line":52,"column":null}},"12":{"start":{"line":57,"column":2},"end":{"line":57,"column":null}},"13":{"start":{"line":57,"column":22},"end":{"line":57,"column":null}},"14":{"start":{"line":58,"column":2},"end":{"line":58,"column":null}},"15":{"start":{"line":62,"column":2},"end":{"line":62,"column":null}},"16":{"start":{"line":62,"column":22},"end":{"line":62,"column":null}},"17":{"start":{"line":63,"column":2},"end":{"line":63,"column":null}},"18":{"start":{"line":66,"column":21},"end":{"line":70,"column":null}},"19":{"start":{"line":75,"column":23},"end":{"line":75,"column":null}},"20":{"start":{"line":76,"column":26},"end":{"line":76,"column":null}},"21":{"start":{"line":77,"column":22},"end":{"line":77,"column":null}},"22":{"start":{"line":78,"column":25},"end":{"line":78,"column":null}},"23":{"start":{"line":81,"column":32},"end":{"line":81,"column":null}},"24":{"start":{"line":82,"column":2},"end":{"line":82,"column":null}},"25":{"start":{"line":82,"column":37},"end":{"line":82,"column":null}},"26":{"start":{"line":83,"column":15},"end":{"line":83,"column":70}},"27":{"start":{"line":84,"column":2},"end":{"line":84,"column":null}},"28":{"start":{"line":88,"column":12},"end":{"line":88,"column":32}},"29":{"start":{"line":89,"column":2},"end":{"line":89,"column":null}},"30":{"start":{"line":93,"column":2},"end":{"line":93,"column":null}},"31":{"start":{"line":97,"column":23},"end":{"line":97,"column":34}},"32":{"start":{"line":98,"column":23},"end":{"line":98,"column":34}},"33":{"start":{"line":99,"column":12},"end":{"line":99,"column":null}},"34":{"start":{"line":100,"column":12},"end":{"line":100,"column":null}},"35":{"start":{"line":101,"column":13},"end":{"line":101,"column":null}},"36":{"start":{"line":102,"column":2},"end":{"line":102,"column":null}},"37":{"start":{"line":111,"column":4},"end":{"line":112,"column":null}},"38":{"start":{"line":113,"column":24},"end":{"line":113,"column":73}},"39":{"start":{"line":114,"column":14},"end":{"line":114,"column":null}},"40":{"start":{"line":115,"column":12},"end":{"line":115,"column":59}},"41":{"start":{"line":116,"column":2},"end":{"line":116,"column":null}},"42":{"start":{"line":120,"column":2},"end":{"line":120,"column":null}},"43":{"start":{"line":120,"column":16},"end":{"line":120,"column":null}},"44":{"start":{"line":121,"column":2},"end":{"line":121,"column":null}},"45":{"start":{"line":121,"column":16},"end":{"line":121,"column":null}},"46":{"start":{"line":122,"column":2},"end":{"line":122,"column":null}}},"fnMap":{"0":{"name":"deriveSide","decl":{"start":{"line":22,"column":16},"end":{"line":22,"column":27}},"loc":{"start":{"line":22,"column":95},"end":{"line":23,"column":null}},"line":22},"1":{"name":"shortenAddress","decl":{"start":{"line":26,"column":16},"end":{"line":26,"column":31}},"loc":{"start":{"line":26,"column":56},"end":{"line":28,"column":null}},"line":26},"2":{"name":"normalizeOutcome","decl":{"start":{"line":31,"column":9},"end":{"line":31,"column":26}},"loc":{"start":{"line":31,"column":61},"end":{"line":33,"column":null}},"line":31},"3":{"name":"toWalletRow","decl":{"start":{"line":36,"column":16},"end":{"line":36,"column":28}},"loc":{"start":{"line":36,"column":67},"end":{"line":46,"column":null}},"line":36},"4":{"name":"sortWalletRows","decl":{"start":{"line":49,"column":16},"end":{"line":49,"column":31}},"loc":{"start":{"line":49,"column":69},"end":{"line":53,"column":null}},"line":49},"5":{"name":"(anonymous_5)","decl":{"start":{"line":50,"column":19},"end":{"line":50,"column":25}},"loc":{"start":{"line":50,"column":34},"end":{"line":53,"column":null}},"line":50},"6":{"name":"formatAccuracy","decl":{"start":{"line":56,"column":16},"end":{"line":56,"column":31}},"loc":{"start":{"line":56,"column":61},"end":{"line":58,"column":null}},"line":56},"7":{"name":"formatMarketsTraded","decl":{"start":{"line":61,"column":16},"end":{"line":61,"column":36}},"loc":{"start":{"line":61,"column":66},"end":{"line":63,"column":null}},"line":61},"8":{"name":"walletBubbleRadius","decl":{"start":{"line":80,"column":16},"end":{"line":80,"column":35}},"loc":{"start":{"line":80,"column":89},"end":{"line":84,"column":null}},"line":80},"9":{"name":"parseHex","decl":{"start":{"line":87,"column":9},"end":{"line":87,"column":18}},"loc":{"start":{"line":87,"column":57},"end":{"line":89,"column":null}},"line":87},"10":{"name":"toHex","decl":{"start":{"line":92,"column":9},"end":{"line":92,"column":15}},"loc":{"start":{"line":92,"column":34},"end":{"line":93,"column":null}},"line":92},"11":{"name":"lerpHex","decl":{"start":{"line":96,"column":9},"end":{"line":96,"column":17}},"loc":{"start":{"line":96,"column":58},"end":{"line":102,"column":null}},"line":96},"12":{"name":"walletBubbleColor","decl":{"start":{"line":105,"column":16},"end":{"line":105,"column":34}},"loc":{"start":{"line":109,"column":11},"end":{"line":116,"column":null}},"line":109},"13":{"name":"formatVolume2dp","decl":{"start":{"line":119,"column":16},"end":{"line":119,"column":32}},"loc":{"start":{"line":119,"column":51},"end":{"line":122,"column":null}},"line":119}},"branchMap":{"0":{"loc":{"start":{"line":23,"column":9},"end":{"line":23,"column":null}},"type":"cond-expr","locations":[{"start":{"line":23,"column":48},"end":{"line":23,"column":57}},{"start":{"line":23,"column":57},"end":{"line":23,"column":null}}],"line":23},"1":{"loc":{"start":{"line":27,"column":2},"end":{"line":27,"column":null}},"type":"if","locations":[{"start":{"line":27,"column":2},"end":{"line":27,"column":null}},{"start":{},"end":{}}],"line":27},"2":{"loc":{"start":{"line":32,"column":2},"end":{"line":32,"column":null}},"type":"if","locations":[{"start":{"line":32,"column":2},"end":{"line":32,"column":null}},{"start":{},"end":{}}],"line":32},"3":{"loc":{"start":{"line":32,"column":6},"end":{"line":32,"column":37}},"type":"binary-expr","locations":[{"start":{"line":32,"column":6},"end":{"line":32,"column":23}},{"start":{"line":32,"column":23},"end":{"line":32,"column":37}}],"line":32},"4":{"loc":{"start":{"line":51,"column":4},"end":{"line":51,"column":null}},"type":"if","locations":[{"start":{"line":51,"column":4},"end":{"line":51,"column":null}},{"start":{},"end":{}}],"line":51},"5":{"loc":{"start":{"line":57,"column":2},"end":{"line":57,"column":null}},"type":"if","locations":[{"start":{"line":57,"column":2},"end":{"line":57,"column":null}},{"start":{},"end":{}}],"line":57},"6":{"loc":{"start":{"line":62,"column":2},"end":{"line":62,"column":null}},"type":"if","locations":[{"start":{"line":62,"column":2},"end":{"line":62,"column":null}},{"start":{},"end":{}}],"line":62},"7":{"loc":{"start":{"line":63,"column":9},"end":{"line":63,"column":null}},"type":"cond-expr","locations":[{"start":{"line":63,"column":23},"end":{"line":63,"column":36}},{"start":{"line":63,"column":36},"end":{"line":63,"column":null}}],"line":63},"8":{"loc":{"start":{"line":82,"column":2},"end":{"line":82,"column":null}},"type":"if","locations":[{"start":{"line":82,"column":2},"end":{"line":82,"column":null}},{"start":{},"end":{}}],"line":82},"9":{"loc":{"start":{"line":82,"column":6},"end":{"line":82,"column":37}},"type":"binary-expr","locations":[{"start":{"line":82,"column":6},"end":{"line":82,"column":24}},{"start":{"line":82,"column":24},"end":{"line":82,"column":37}}],"line":82},"10":{"loc":{"start":{"line":111,"column":4},"end":{"line":112,"column":null}},"type":"binary-expr","locations":[{"start":{"line":111,"column":4},"end":{"line":111,"column":null}},{"start":{"line":112,"column":5},"end":{"line":112,"column":31}},{"start":{"line":112,"column":31},"end":{"line":112,"column":null}}],"line":111},"11":{"loc":{"start":{"line":113,"column":24},"end":{"line":113,"column":73}},"type":"cond-expr","locations":[{"start":{"line":113,"column":30},"end":{"line":113,"column":51}},{"start":{"line":113,"column":54},"end":{"line":113,"column":73}}],"line":113},"12":{"loc":{"start":{"line":115,"column":12},"end":{"line":115,"column":59}},"type":"cond-expr","locations":[{"start":{"line":115,"column":26},"end":{"line":115,"column":30}},{"start":{"line":115,"column":30},"end":{"line":115,"column":59}}],"line":115},"13":{"loc":{"start":{"line":120,"column":2},"end":{"line":120,"column":null}},"type":"if","locations":[{"start":{"line":120,"column":2},"end":{"line":120,"column":null}},{"start":{},"end":{}}],"line":120},"14":{"loc":{"start":{"line":121,"column":2},"end":{"line":121,"column":null}},"type":"if","locations":[{"start":{"line":121,"column":2},"end":{"line":121,"column":null}},{"start":{},"end":{}}],"line":121}},"s":{"0":16,"1":15,"2":2,"3":13,"4":12,"5":10,"6":2,"7":12,"8":3,"9":8,"10":4,"11":4,"12":5,"13":1,"14":4,"15":5,"16":1,"17":4,"18":1,"19":1,"20":1,"21":1,"22":1,"23":5,"24":5,"25":2,"26":3,"27":3,"28":28,"29":28,"30":42,"31":14,"32":14,"33":14,"34":14,"35":14,"36":14,"37":14,"38":14,"39":14,"40":14,"41":14,"42":8,"43":2,"44":6,"45":6,"46":3},"f":{"0":16,"1":15,"2":12,"3":12,"4":3,"5":8,"6":5,"7":5,"8":5,"9":28,"10":42,"11":14,"12":14,"13":8},"b":{"0":[3,13],"1":[2,13],"2":[10,2],"3":[12,3],"4":[4,4],"5":[1,4],"6":[1,4],"7":[1,3],"8":[2,3],"9":[5,4],"10":[14,5,2],"11":[10,4],"12":[2,12],"13":[2,6],"14":[3,3]},"meta":{"lastBranch":15,"lastFunction":14,"lastStatement":47,"seen":{"f:22:16:22:27":0,"s:23:2:23:Infinity":0,"b:23:48:23:57:23:57:23:Infinity":0,"f:26:16:26:31":1,"b:27:2:27:Infinity:undefined:undefined:undefined:undefined":1,"s:27:2:27:Infinity":1,"s:27:27:27:Infinity":2,"s:28:2:28:Infinity":3,"f:31:9:31:26":2,"b:32:2:32:Infinity:undefined:undefined:undefined:undefined":2,"s:32:2:32:Infinity":4,"b:32:6:32:23:32:23:32:37":3,"s:32:37:32:Infinity":5,"s:33:2:33:Infinity":6,"f:36:16:36:28":3,"s:37:2:46:Infinity":7,"f:49:16:49:31":4,"s:50:2:53:Infinity":8,"f:50:19:50:25":5,"b:51:4:51:Infinity:undefined:undefined:undefined:undefined":4,"s:51:4:51:Infinity":9,"s:51:31:51:Infinity":10,"s:52:4:52:Infinity":11,"f:56:16:56:31":6,"b:57:2:57:Infinity:undefined:undefined:undefined:undefined":5,"s:57:2:57:Infinity":12,"s:57:22:57:Infinity":13,"s:58:2:58:Infinity":14,"f:61:16:61:36":7,"b:62:2:62:Infinity:undefined:undefined:undefined:undefined":6,"s:62:2:62:Infinity":15,"s:62:22:62:Infinity":16,"s:63:2:63:Infinity":17,"b:63:23:63:36:63:36:63:Infinity":7,"s:66:21:70:Infinity":18,"s:75:23:75:Infinity":19,"s:76:26:76:Infinity":20,"s:77:22:77:Infinity":21,"s:78:25:78:Infinity":22,"f:80:16:80:35":8,"s:81:32:81:Infinity":23,"b:82:2:82:Infinity:undefined:undefined:undefined:undefined":8,"s:82:2:82:Infinity":24,"b:82:6:82:24:82:24:82:37":9,"s:82:37:82:Infinity":25,"s:83:15:83:70":26,"s:84:2:84:Infinity":27,"f:87:9:87:18":9,"s:88:12:88:32":28,"s:89:2:89:Infinity":29,"f:92:9:92:15":10,"s:93:2:93:Infinity":30,"f:96:9:96:17":11,"s:97:23:97:34":31,"s:98:23:98:34":32,"s:99:12:99:Infinity":33,"s:100:12:100:Infinity":34,"s:101:13:101:Infinity":35,"s:102:2:102:Infinity":36,"f:105:16:105:34":12,"s:111:4:112:Infinity":37,"b:111:4:111:Infinity:112:5:112:31:112:31:112:Infinity":10,"s:113:24:113:73":38,"b:113:30:113:51:113:54:113:73":11,"s:114:14:114:Infinity":39,"s:115:12:115:59":40,"b:115:26:115:30:115:30:115:59":12,"s:116:2:116:Infinity":41,"f:119:16:119:32":13,"b:120:2:120:Infinity:undefined:undefined:undefined:undefined":13,"s:120:2:120:Infinity":42,"s:120:16:120:Infinity":43,"b:121:2:121:Infinity:undefined:undefined:undefined:undefined":14,"s:121:2:121:Infinity":44,"s:121:16:121:Infinity":45,"s:122:2:122:Infinity":46}}}
}
